<?xml version="1.0" encoding="UTF-8"?>
<!-- Generated by org.testng.reporters.JUnitXMLReporter -->
<testsuite ignored="0" hostname="yashawanths-MacBook-Pro.local" failures="1" tests="1" name="Test" time="4.457" errors="0" timestamp="2025-09-03T12:05:18 IST">
  <testcase classname="Stations_Module.Edit_Statiion_Test" name="Edit_Station" time="1.274">
    <failure type="org.openqa.selenium.InvalidSelectorException" message="For documentation on this error, please visit: https://www.selenium.dev/documentation/webdriver/troubleshooting/errors#invalid-selector-exception
Build info: version: &amp;apos;4.27.0&amp;apos;, revision: &amp;apos;d6e718d134&amp;apos;
System info: os.name: &amp;apos;Mac OS X&amp;apos;, os.arch: &amp;apos;aarch64&amp;apos;, os.version: &amp;apos;15.6.1&amp;apos;, java.version: &amp;apos;21.0.6&amp;apos;
Driver info: org.openqa.selenium.safari.SafariDriver
Command: [7EBF2FCE-B639-44A4-9B60-50CBBB3BB0B3, findElement {using=xpath, value=//p[text()=&amp;apos;Automate Station_261edited]}]
Capabilities {acceptInsecureCerts: false, browserName: Safari, browserVersion: 18.6, platformName: mac, safari:automaticInspection: false, safari:automaticProfiling: false, safari:diagnose: false, safari:platformBuildVersion: 24G90, safari:platformVersion: 15.6.1, safari:useSimulator: false, setWindowRect: true, strictFileInteractability: false, webkit:WebRTC: {DisableICECandidateFiltering: false, DisableInsecureMediaCapture: false}}
Session ID: 7EBF2FCE-B639-44A4-9B60-50CBBB3BB0B3">
      <![CDATA[org.openqa.selenium.InvalidSelectorException: For documentation on this error, please visit: https://www.selenium.dev/documentation/webdriver/troubleshooting/errors#invalid-selector-exception
Build info: version: '4.27.0', revision: 'd6e718d134'
System info: os.name: 'Mac OS X', os.arch: 'aarch64', os.version: '15.6.1', java.version: '21.0.6'
Driver info: org.openqa.selenium.safari.SafariDriver
Command: [7EBF2FCE-B639-44A4-9B60-50CBBB3BB0B3, findElement {using=xpath, value=//p[text()='Automate Station_261edited]}]
Capabilities {acceptInsecureCerts: false, browserName: Safari, browserVersion: 18.6, platformName: mac, safari:automaticInspection: false, safari:automaticProfiling: false, safari:diagnose: false, safari:platformBuildVersion: 24G90, safari:platformVersion: 15.6.1, safari:useSimulator: false, setWindowRect: true, strictFileInteractability: false, webkit:WebRTC: {DisableICECandidateFiltering: false, DisableInsecureMediaCapture: false}}
Session ID: 7EBF2FCE-B639-44A4-9B60-50CBBB3BB0B3
at org.openqa.selenium.remote.ErrorCodec.decode(ErrorCodec.java:167)
at org.openqa.selenium.remote.codec.w3c.W3CHttpResponseCodec.decode(W3CHttpResponseCodec.java:138)
at org.openqa.selenium.remote.codec.w3c.W3CHttpResponseCodec.decode(W3CHttpResponseCodec.java:50)
at org.openqa.selenium.remote.HttpCommandExecutor.execute(HttpCommandExecutor.java:190)
at org.openqa.selenium.remote.service.DriverCommandExecutor.invokeExecute(DriverCommandExecutor.java:216)
at org.openqa.selenium.remote.service.DriverCommandExecutor.execute(DriverCommandExecutor.java:174)
at org.openqa.selenium.remote.RemoteWebDriver.execute(RemoteWebDriver.java:545)
at org.openqa.selenium.remote.ElementLocation$ElementFinder$2.findElement(ElementLocation.java:165)
at org.openqa.selenium.remote.ElementLocation.findElement(ElementLocation.java:59)
at org.openqa.selenium.remote.RemoteWebDriver.findElement(RemoteWebDriver.java:368)
at org.openqa.selenium.remote.RemoteWebDriver.findElement(RemoteWebDriver.java:362)
at Stations_Module.Edit_Statiion_Test.Edit_Station(Edit_Statiion_Test.java:25)
at java.base/java.util.ArrayList.forEach(ArrayList.java:1596)
... Removed 28 stack frames]]>
    </failure>
  </testcase> <!-- Edit_Station -->
</testsuite> <!-- Test -->
