<?xml version="1.0" encoding="UTF-8"?>
<testng-results ignored="0" total="1" passed="0" failed="1" skipped="0">
  <reporter-output>
  </reporter-output>
  <suite started-at="2025-09-03T12:05:14 IST" name="Suite" finished-at="2025-09-03T12:05:18 IST" duration-ms="4457">
    <groups>
    </groups>
    <test started-at="2025-09-03T12:05:14 IST" name="Test" finished-at="2025-09-03T12:05:18 IST" duration-ms="4457">
      <class name="Stations_Module.Edit_Statiion_Test">
        <test-method is-config="true" signature="BeforeSuite()[pri:0, instance:Stations_Module.Edit_Statiion_Test@1a677343]" started-at="2025-09-03T12:05:14 IST" name="BeforeSuite" finished-at="2025-09-03T12:05:14 IST" duration-ms="6" status="PASS">
          <reporter-output>
          </reporter-output>
        </test-method> <!-- BeforeSuite -->
        <test-method is-config="true" signature="BeforeClass(java.lang.String)[pri:0, instance:Stations_Module.Edit_Statiion_Test@1a677343]" started-at="2025-09-03T12:05:14 IST" name="BeforeClass" finished-at="2025-09-03T12:05:15 IST" duration-ms="1501" status="PASS">
          <params>
            <param index="0">
              <value>
                <![CDATA[safari]]>
              </value>
            </param>
          </params>
          <reporter-output>
          </reporter-output>
        </test-method> <!-- BeforeClass -->
        <test-method is-config="true" signature="executeBefore()[pri:0, instance:Stations_Module.Edit_Statiion_Test@1a677343]" started-at="2025-09-03T12:05:15 IST" name="executeBefore" finished-at="2025-09-03T12:05:17 IST" duration-ms="1655" status="PASS">
          <reporter-output>
          </reporter-output>
        </test-method> <!-- executeBefore -->
        <test-method signature="Edit_Station()[pri:0, instance:Stations_Module.Edit_Statiion_Test@1a677343]" started-at="2025-09-03T12:05:17 IST" name="Edit_Station" finished-at="2025-09-03T12:05:18 IST" duration-ms="1274" status="FAIL">
          <exception class="org.openqa.selenium.InvalidSelectorException">
            <message>
              <![CDATA[For documentation on this error, please visit: https://www.selenium.dev/documentation/webdriver/troubleshooting/errors#invalid-selector-exception
Build info: version: '4.27.0', revision: 'd6e718d134'
System info: os.name: 'Mac OS X', os.arch: 'aarch64', os.version: '15.6.1', java.version: '21.0.6'
Driver info: org.openqa.selenium.safari.SafariDriver
Command: [7EBF2FCE-B639-44A4-9B60-50CBBB3BB0B3, findElement {using=xpath, value=//p[text()='Automate Station_261edited]}]
Capabilities {acceptInsecureCerts: false, browserName: Safari, browserVersion: 18.6, platformName: mac, safari:automaticInspection: false, safari:automaticProfiling: false, safari:diagnose: false, safari:platformBuildVersion: 24G90, safari:platformVersion: 15.6.1, safari:useSimulator: false, setWindowRect: true, strictFileInteractability: false, webkit:WebRTC: {DisableICECandidateFiltering: false, DisableInsecureMediaCapture: false}}
Session ID: 7EBF2FCE-B639-44A4-9B60-50CBBB3BB0B3]]>
            </message>
            <full-stacktrace>
              <![CDATA[org.openqa.selenium.InvalidSelectorException: For documentation on this error, please visit: https://www.selenium.dev/documentation/webdriver/troubleshooting/errors#invalid-selector-exception
Build info: version: '4.27.0', revision: 'd6e718d134'
System info: os.name: 'Mac OS X', os.arch: 'aarch64', os.version: '15.6.1', java.version: '21.0.6'
Driver info: org.openqa.selenium.safari.SafariDriver
Command: [7EBF2FCE-B639-44A4-9B60-50CBBB3BB0B3, findElement {using=xpath, value=//p[text()='Automate Station_261edited]}]
Capabilities {acceptInsecureCerts: false, browserName: Safari, browserVersion: 18.6, platformName: mac, safari:automaticInspection: false, safari:automaticProfiling: false, safari:diagnose: false, safari:platformBuildVersion: 24G90, safari:platformVersion: 15.6.1, safari:useSimulator: false, setWindowRect: true, strictFileInteractability: false, webkit:WebRTC: {DisableICECandidateFiltering: false, DisableInsecureMediaCapture: false}}
Session ID: 7EBF2FCE-B639-44A4-9B60-50CBBB3BB0B3
at java.base/jdk.internal.reflect.DirectConstructorHandleAccessor.newInstance(DirectConstructorHandleAccessor.java:62)
at java.base/java.lang.reflect.Constructor.newInstanceWithCaller(Constructor.java:502)
at java.base/java.lang.reflect.Constructor.newInstance(Constructor.java:486)
at org.openqa.selenium.remote.ErrorCodec.decode(ErrorCodec.java:167)
at org.openqa.selenium.remote.codec.w3c.W3CHttpResponseCodec.decode(W3CHttpResponseCodec.java:138)
at org.openqa.selenium.remote.codec.w3c.W3CHttpResponseCodec.decode(W3CHttpResponseCodec.java:50)
at org.openqa.selenium.remote.HttpCommandExecutor.execute(HttpCommandExecutor.java:190)
at org.openqa.selenium.remote.service.DriverCommandExecutor.invokeExecute(DriverCommandExecutor.java:216)
at org.openqa.selenium.remote.service.DriverCommandExecutor.execute(DriverCommandExecutor.java:174)
at org.openqa.selenium.remote.RemoteWebDriver.execute(RemoteWebDriver.java:545)
at org.openqa.selenium.remote.ElementLocation$ElementFinder$2.findElement(ElementLocation.java:165)
at org.openqa.selenium.remote.ElementLocation.findElement(ElementLocation.java:59)
at org.openqa.selenium.remote.RemoteWebDriver.findElement(RemoteWebDriver.java:368)
at org.openqa.selenium.remote.RemoteWebDriver.findElement(RemoteWebDriver.java:362)
at Stations_Module.Edit_Statiion_Test.Edit_Station(Edit_Statiion_Test.java:25)
at java.base/jdk.internal.reflect.DirectMethodHandleAccessor.invoke(DirectMethodHandleAccessor.java:103)
at java.base/java.lang.reflect.Method.invoke(Method.java:580)
at org.testng.internal.invokers.MethodInvocationHelper.invokeMethod(MethodInvocationHelper.java:141)
at org.testng.internal.invokers.TestInvoker.invokeMethod(TestInvoker.java:687)
at org.testng.internal.invokers.TestInvoker.invokeTestMethod(TestInvoker.java:230)
at org.testng.internal.invokers.MethodRunner.runInSequence(MethodRunner.java:63)
at org.testng.internal.invokers.TestInvoker$MethodInvocationAgent.invoke(TestInvoker.java:995)
at org.testng.internal.invokers.TestInvoker.invokeTestMethods(TestInvoker.java:203)
at org.testng.internal.invokers.TestMethodWorker.invokeTestMethods(TestMethodWorker.java:154)
at org.testng.internal.invokers.TestMethodWorker.run(TestMethodWorker.java:134)
at java.base/java.util.ArrayList.forEach(ArrayList.java:1596)
at org.testng.TestRunner.privateRun(TestRunner.java:741)
at org.testng.TestRunner.run(TestRunner.java:616)
at org.testng.SuiteRunner.runTest(SuiteRunner.java:421)
at org.testng.SuiteRunner.runSequentially(SuiteRunner.java:413)
at org.testng.SuiteRunner.privateRun(SuiteRunner.java:373)
at org.testng.SuiteRunner.run(SuiteRunner.java:312)
at org.testng.SuiteRunnerWorker.runSuite(SuiteRunnerWorker.java:52)
at org.testng.SuiteRunnerWorker.run(SuiteRunnerWorker.java:95)
at org.testng.TestNG.runSuitesSequentially(TestNG.java:1274)
at org.testng.TestNG.runSuitesLocally(TestNG.java:1208)
at org.testng.TestNG.runSuites(TestNG.java:1112)
at org.testng.TestNG.run(TestNG.java:1079)
at org.testng.remote.AbstractRemoteTestNG.run(AbstractRemoteTestNG.java:115)
at org.testng.remote.RemoteTestNG.initAndRun(RemoteTestNG.java:293)
at org.testng.remote.RemoteTestNG.main(RemoteTestNG.java:91)
]]>
            </full-stacktrace>
          </exception> <!-- org.openqa.selenium.InvalidSelectorException -->
          <reporter-output>
          </reporter-output>
        </test-method> <!-- Edit_Station -->
        <test-method is-config="true" signature="executeAfter()[pri:0, instance:Stations_Module.Edit_Statiion_Test@1a677343]" started-at="2025-09-03T12:05:18 IST" name="executeAfter" finished-at="2025-09-03T12:05:18 IST" duration-ms="0" status="PASS">
          <reporter-output>
          </reporter-output>
        </test-method> <!-- executeAfter -->
        <test-method is-config="true" signature="Afterclass()[pri:0, instance:Stations_Module.Edit_Statiion_Test@1a677343]" started-at="2025-09-03T12:05:18 IST" name="Afterclass" finished-at="2025-09-03T12:05:18 IST" duration-ms="0" status="PASS">
          <reporter-output>
          </reporter-output>
        </test-method> <!-- Afterclass -->
        <test-method is-config="true" signature="AfterSuite()[pri:0, instance:Stations_Module.Edit_Statiion_Test@1a677343]" started-at="2025-09-03T12:05:18 IST" name="AfterSuite" finished-at="2025-09-03T12:05:18 IST" duration-ms="0" status="PASS">
          <reporter-output>
          </reporter-output>
        </test-method> <!-- AfterSuite -->
      </class> <!-- Stations_Module.Edit_Statiion_Test -->
    </test> <!-- Test -->
  </suite> <!-- Suite -->
</testng-results>
