<?xml version="1.0" encoding="UTF-8"?>
<testng-results ignored="0" total="1" passed="1" failed="0" skipped="0">
  <reporter-output>
  </reporter-output>
  <suite started-at="2025-03-28T15:58:49 IST" name="Default suite" finished-at="2025-03-28T15:59:40 IST" duration-ms="51196">
    <groups>
    </groups>
    <test started-at="2025-03-28T15:58:49 IST" name="Default test" finished-at="2025-03-28T15:59:40 IST" duration-ms="51196">
      <class name="CRITICAL_TC.Edit_Station_Test">
        <test-method is-config="true" signature="BeforeSuite()[pri:0, instance:CRITICAL_TC.Edit_Station_Test@7c6908d7]" started-at="2025-03-28T15:58:49 IST" name="BeforeSuite" finished-at="2025-03-28T15:58:49 IST" duration-ms="4" status="PASS">
          <reporter-output>
          </reporter-output>
        </test-method> <!-- BeforeSuite -->
        <test-method is-config="true" signature="BeforeClass(java.lang.String)[pri:0, instance:CRITICAL_TC.Edit_Station_Test@7c6908d7]" started-at="2025-03-28T15:58:49 IST" name="BeforeClass" finished-at="2025-03-28T15:58:51 IST" duration-ms="1481" status="PASS">
          <params>
            <param index="0">
              <value>
                <![CDATA[chrome]]>
              </value>
            </param>
          </params>
          <reporter-output>
          </reporter-output>
        </test-method> <!-- BeforeClass -->
        <test-method is-config="true" signature="executeBefore()[pri:0, instance:CRITICAL_TC.Edit_Station_Test@7c6908d7]" started-at="2025-03-28T15:58:51 IST" name="executeBefore" finished-at="2025-03-28T15:58:52 IST" duration-ms="998" status="PASS">
          <reporter-output>
          </reporter-output>
        </test-method> <!-- executeBefore -->
        <test-method signature="Create_Station()[pri:0, instance:CRITICAL_TC.Edit_Station_Test@7c6908d7]" started-at="2025-03-28T15:58:52 IST" name="Create_Station" finished-at="2025-03-28T15:59:39 IST" duration-ms="47496" status="PASS">
          <reporter-output>
          </reporter-output>
        </test-method> <!-- Create_Station -->
        <test-method is-config="true" signature="executeAfter()[pri:0, instance:CRITICAL_TC.Edit_Station_Test@7c6908d7]" started-at="2025-03-28T15:59:39 IST" name="executeAfter" finished-at="2025-03-28T15:59:40 IST" duration-ms="1101" status="PASS">
          <reporter-output>
          </reporter-output>
        </test-method> <!-- executeAfter -->
        <test-method is-config="true" signature="Afterclass()[pri:0, instance:CRITICAL_TC.Edit_Station_Test@7c6908d7]" started-at="2025-03-28T15:59:40 IST" name="Afterclass" finished-at="2025-03-28T15:59:40 IST" duration-ms="100" status="PASS">
          <reporter-output>
          </reporter-output>
        </test-method> <!-- Afterclass -->
        <test-method is-config="true" signature="AfterSuite()[pri:0, instance:CRITICAL_TC.Edit_Station_Test@7c6908d7]" started-at="2025-03-28T15:59:40 IST" name="AfterSuite" finished-at="2025-03-28T15:59:40 IST" duration-ms="0" status="PASS">
          <reporter-output>
          </reporter-output>
        </test-method> <!-- AfterSuite -->
      </class> <!-- CRITICAL_TC.Edit_Station_Test -->
    </test> <!-- Default test -->
  </suite> <!-- Default suite -->
</testng-results>
